2023-09-18T15:56:56.976Z [17188:17616] A Logging started for process: C:\Program Files\Git\usr\bin\bash.exe
2023-09-18T15:56:57.066Z [13668: 5368] A Logging started for process: C:\Program Files\Git\usr\bin\bash.exe
2023-09-18T15:56:57.116Z [12672:13864] A Logging started for process: C:\Program Files\Git\usr\bin\bash.exe
2023-09-18T15:56:57.160Z [ 2096: 9564] A Logging started for process: C:\Program Files\Git\usr\bin\hostname.exe
2023-09-18T15:56:57.256Z [ 5016:14524] A Logging started for process: C:\Program Files\Git\usr\bin\bash.exe
2023-09-18T15:56:57.331Z [ 3616:10228] A Logging started for process: C:\Program Files\Git\usr\bin\bash.exe
2023-09-18T15:56:57.378Z [ 9788:14708] A Logging started for process: C:\Program Files\Git\usr\bin\bash.exe
2023-09-18T15:56:57.464Z [12556: 3800] A Logging started for process: C:\Program Files\Git\usr\bin\bash.exe
2023-09-18T15:56:57.525Z [18988:14364] A Logging started for process: C:\Program Files\Git\usr\bin\bash.exe
2023-09-18T15:56:57.578Z [12968:16064] A Logging started for process: C:\Program Files\Git\usr\bin\bash.exe
2023-09-18T15:56:57.621Z [ 3276: 4616] A Logging started for process: C:\Program Files\Git\usr\bin\bash.exe
2023-09-18T15:56:57.666Z [ 1924: 2664] A Logging started for process: C:\Program Files\Git\usr\bin\bash.exe
2023-09-18T15:56:57.735Z [ 1008:15424] A Logging started for process: C:\Program Files\Git\usr\bin\bash.exe
2023-09-18T15:56:57.767Z [14164:13604] A Logging started for process: C:\Program Files\Git\usr\bin\bash.exe
2023-09-18T15:56:58.114Z [10272:10508] A Logging started for process: C:\Program Files\Git\usr\bin\bash.exe
2023-09-18T15:56:58.144Z [18340:15284] A Logging started for process: C:\Program Files\Git\usr\bin\bash.exe
2023-09-18T15:56:58.174Z [ 7748:14304] A Logging started for process: C:\Program Files\Git\usr\bin\bash.exe
2023-09-18T15:57:03.537Z [16696:15024] A Logging started for process: C:\Program Files\Git\usr\bin\bash.exe
2023-09-18T15:57:03.923Z [ 2460:17072] A Logging started for process: C:\Program Files\Git\usr\bin\bash.exe
2023-09-18T15:57:03.960Z [ 7772:16688] A Logging started for process: C:\Program Files\Git\usr\bin\bash.exe
2023-09-18T15:57:03.988Z [17000:10056] A Logging started for process: C:\Program Files\Git\usr\bin\bash.exe
2023-09-18T15:57:04.075Z [11604: 6308] A Logging started for process: C:\Program Files\Git\usr\bin\bash.exe
2023-09-18T15:57:10.218Z [ 2412:11696] A Logging started for process: C:\Program Files\Git\usr\bin\bash.exe
